Apr 08, 2017 7:43:45 PM org.apache.catalina.core.AprLifecycleListener init
INFO: The APR based Apache Tomcat Native library which allows optimal performance in production environments was not found on the java.library.path: C:\Program Files\Java\jdk1.7.0_79\bin;C:\WINDOWS\Sun\Java\bin;C:\WINDOWS\system32;C:\WINDOWS;C:\ProgramData\Oracle\Java\javapath;C:\Program Files\Dell\DW WLAN Card;;C:\Program Files (x86)\Intel\iCLS Client\;C:\Program Files\Intel\iCLS Client\;C:\WINDOWS\system32;C:\WINDOWS;C:\WINDOWS\System32\Wbem;C:\WINDOWS\System32\WindowsPowerShell\v1.0\;C:\Program Files (x86)\Intel\Intel(R) Management Engine Components\DAL;C:\Program Files\Intel\Intel(R) Management Engine Components\DAL;C:\Program Files (x86)\Intel\Intel(R) Management Engine Components\IPT;C:\Program Files\Intel\Intel(R) Management Engine Components\IPT;C:\Program Files\WIDCOMM\Bluetooth Software\;C:\Program Files\WIDCOMM\Bluetooth Software\syswow64;C:\Program Files (x86)\Skype\Phone\;C:\Users\sanjitha\AppData\Local\Microsoft\WindowsApps;;.
Apr 08, 2017 7:43:48 PM org.apache.coyote.AbstractProtocol init
INFO: Initializing ProtocolHandler ["http-bio-8080"]
Apr 08, 2017 7:43:48 PM org.apache.coyote.AbstractProtocol init
INFO: Initializing ProtocolHandler ["ajp-bio-8009"]
Apr 08, 2017 7:43:48 PM org.apache.catalina.startup.Catalina load
INFO: Initialization processed in 3774 ms
Apr 08, 2017 7:43:48 PM org.apache.catalina.core.StandardService startInternal
INFO: Starting service Catalina
Apr 08, 2017 7:43:48 PM org.apache.catalina.core.StandardEngine startInternal
INFO: Starting Servlet Engine: Apache Tomcat/7.0.56
Apr 08, 2017 7:43:48 PM org.apache.catalina.startup.HostConfig deployDirectory
INFO: Deploying web application directory C:\xampp\tomcat\webapps\14-575
Apr 08, 2017 7:43:49 PM org.apache.catalina.util.SessionIdGenerator createSecureRandom
INFO: Creation of SecureRandom instance for session ID generation using [SHA1PRNG] took [166] milliseconds.
Apr 08, 2017 7:43:49 PM org.apache.catalina.startup.HostConfig deployDirectory
INFO: Deployment of web application directory C:\xampp\tomcat\webapps\14-575 has finished in 1,412 ms
Apr 08, 2017 7:43:49 PM org.apache.catalina.startup.HostConfig deployDirectory
INFO: Deploying web application directory C:\xampp\tomcat\webapps\docs
Apr 08, 2017 7:43:50 PM org.apache.catalina.startup.HostConfig deployDirectory
INFO: Deployment of web application directory C:\xampp\tomcat\webapps\docs has finished in 134 ms
Apr 08, 2017 7:43:50 PM org.apache.catalina.startup.HostConfig deployDirectory
INFO: Deploying web application directory C:\xampp\tomcat\webapps\examples
Apr 08, 2017 7:43:51 PM org.apache.catalina.startup.Catalina stopServer
SEVERE: Could not contact localhost:8005. Tomcat may not be running.
Apr 08, 2017 7:43:51 PM org.apache.catalina.startup.Catalina stopServer
SEVERE: Catalina.stop: 
java.net.ConnectException: Connection refused: connect
	at java.net.DualStackPlainSocketImpl.connect0(Native Method)
	at java.net.DualStackPlainSocketImpl.socketConnect(DualStackPlainSocketImpl.java:79)
	at java.net.AbstractPlainSocketImpl.doConnect(AbstractPlainSocketImpl.java:339)
	at java.net.AbstractPlainSocketImpl.connectToAddress(AbstractPlainSocketImpl.java:200)
	at java.net.AbstractPlainSocketImpl.connect(AbstractPlainSocketImpl.java:182)
	at java.net.PlainSocketImpl.connect(PlainSocketImpl.java:172)
	at java.net.SocksSocketImpl.connect(SocksSocketImpl.java:392)
	at java.net.Socket.connect(Socket.java:579)
	at java.net.Socket.connect(Socket.java:528)
	at java.net.Socket.<init>(Socket.java:425)
	at java.net.Socket.<init>(Socket.java:208)
	at org.apache.catalina.startup.Catalina.stopServer(Catalina.java:498)
	at sun.reflect.NativeMethodAccessorImpl.invoke0(Native Method)
	at sun.reflect.NativeMethodAccessorImpl.invoke(NativeMethodAccessorImpl.java:57)
	at sun.reflect.DelegatingMethodAccessorImpl.invoke(DelegatingMethodAccessorImpl.java:43)
	at java.lang.reflect.Method.invoke(Method.java:606)
	at org.apache.catalina.startup.Bootstrap.stopServer(Bootstrap.java:370)
	at org.apache.catalina.startup.Bootstrap.main(Bootstrap.java:457)

Apr 08, 2017 7:43:52 PM org.apache.catalina.startup.HostConfig deployDirectory
INFO: Deployment of web application directory C:\xampp\tomcat\webapps\examples has finished in 2,881 ms
Apr 08, 2017 7:43:52 PM org.apache.catalina.startup.HostConfig deployDirectory
INFO: Deploying web application directory C:\xampp\tomcat\webapps\host-manager
Apr 08, 2017 7:43:53 PM org.apache.catalina.startup.HostConfig deployDirectory
INFO: Deployment of web application directory C:\xampp\tomcat\webapps\host-manager has finished in 148 ms
Apr 08, 2017 7:43:53 PM org.apache.catalina.startup.HostConfig deployDirectory
INFO: Deploying web application directory C:\xampp\tomcat\webapps\manager
Apr 08, 2017 7:43:53 PM org.apache.catalina.startup.HostConfig deployDirectory
INFO: Deployment of web application directory C:\xampp\tomcat\webapps\manager has finished in 118 ms
Apr 08, 2017 7:43:53 PM org.apache.catalina.startup.HostConfig deployDirectory
INFO: Deploying web application directory C:\xampp\tomcat\webapps\ROOT
Apr 08, 2017 7:43:53 PM org.apache.catalina.startup.HostConfig deployDirectory
INFO: Deployment of web application directory C:\xampp\tomcat\webapps\ROOT has finished in 91 ms
Apr 08, 2017 7:43:53 PM org.apache.coyote.AbstractProtocol start
INFO: Starting ProtocolHandler ["http-bio-8080"]
Apr 08, 2017 7:43:53 PM org.apache.coyote.AbstractProtocol start
INFO: Starting ProtocolHandler ["ajp-bio-8009"]
Apr 08, 2017 7:43:53 PM org.apache.catalina.startup.Catalina start
INFO: Server startup in 4972 ms
