Jul 14, 2017 10:33:24 AM org.apache.catalina.core.AprLifecycleListener init
INFO: The APR based Apache Tomcat Native library which allows optimal performance in production environments was not found on the java.library.path: C:\Program Files\Java\jdk1.7.0_79\bin;C:\WINDOWS\Sun\Java\bin;C:\WINDOWS\system32;C:\WINDOWS;C:\ProgramData\Oracle\Java\javapath;C:\Program Files\Dell\DW WLAN Card;C:\Program Files (x86)\Intel\iCLS Client\;C:\Program Files\Intel\iCLS Client\;C:\WINDOWS\system32;C:\WINDOWS;C:\WINDOWS\System32\Wbem;C:\WINDOWS\System32\WindowsPowerShell\v1.0\;C:\Program Files (x86)\Intel\Intel(R) Management Engine Components\DAL;C:\Program Files\Intel\Intel(R) Management Engine Components\DAL;C:\Program Files (x86)\Intel\Intel(R) Management Engine Components\IPT;C:\Program Files\Intel\Intel(R) Management Engine Components\IPT;C:\Program Files\WIDCOMM\Bluetooth Software\;C:\Program Files\WIDCOMM\Bluetooth Software\syswow64;C:\Program Files (x86)\Skype\Phone\;C:\Program Files\PuTTY\;C:\Users\sanjitha\AppData\Local\Microsoft\WindowsApps;;.
Jul 14, 2017 10:33:34 AM org.apache.coyote.AbstractProtocol init
INFO: Initializing ProtocolHandler ["http-bio-8080"]
Jul 14, 2017 10:33:34 AM org.apache.coyote.AbstractProtocol init
INFO: Initializing ProtocolHandler ["ajp-bio-8009"]
Jul 14, 2017 10:33:34 AM org.apache.catalina.startup.Catalina load
INFO: Initialization processed in 16021 ms
Jul 14, 2017 10:33:35 AM org.apache.catalina.core.StandardService startInternal
INFO: Starting service Catalina
Jul 14, 2017 10:33:35 AM org.apache.catalina.core.StandardEngine startInternal
INFO: Starting Servlet Engine: Apache Tomcat/7.0.56
Jul 14, 2017 10:33:35 AM org.apache.catalina.startup.HostConfig deployDirectory
INFO: Deploying web application directory C:\xampp\tomcat\webapps\14-575
Jul 14, 2017 10:33:39 AM org.apache.catalina.util.SessionIdGenerator createSecureRandom
INFO: Creation of SecureRandom instance for session ID generation using [SHA1PRNG] took [1,498] milliseconds.
Jul 14, 2017 10:33:40 AM org.apache.catalina.startup.HostConfig deployDirectory
INFO: Deployment of web application directory C:\xampp\tomcat\webapps\14-575 has finished in 4,660 ms
Jul 14, 2017 10:33:40 AM org.apache.catalina.startup.HostConfig deployDirectory
INFO: Deploying web application directory C:\xampp\tomcat\webapps\docs
Jul 14, 2017 10:33:40 AM org.apache.catalina.startup.HostConfig deployDirectory
INFO: Deployment of web application directory C:\xampp\tomcat\webapps\docs has finished in 407 ms
Jul 14, 2017 10:33:40 AM org.apache.catalina.startup.HostConfig deployDirectory
INFO: Deploying web application directory C:\xampp\tomcat\webapps\examples
Jul 14, 2017 10:33:47 AM org.apache.catalina.startup.HostConfig deployDirectory
INFO: Deployment of web application directory C:\xampp\tomcat\webapps\examples has finished in 6,485 ms
Jul 14, 2017 10:33:47 AM org.apache.catalina.startup.HostConfig deployDirectory
INFO: Deploying web application directory C:\xampp\tomcat\webapps\host-manager
Jul 14, 2017 10:33:47 AM org.apache.catalina.startup.HostConfig deployDirectory
INFO: Deployment of web application directory C:\xampp\tomcat\webapps\host-manager has finished in 264 ms
Jul 14, 2017 10:33:47 AM org.apache.catalina.startup.HostConfig deployDirectory
INFO: Deploying web application directory C:\xampp\tomcat\webapps\manager
Jul 14, 2017 10:33:47 AM org.apache.catalina.startup.HostConfig deployDirectory
INFO: Deployment of web application directory C:\xampp\tomcat\webapps\manager has finished in 256 ms
Jul 14, 2017 10:33:47 AM org.apache.catalina.startup.HostConfig deployDirectory
INFO: Deploying web application directory C:\xampp\tomcat\webapps\ROOT
Jul 14, 2017 10:33:47 AM org.apache.catalina.startup.HostConfig deployDirectory
INFO: Deployment of web application directory C:\xampp\tomcat\webapps\ROOT has finished in 140 ms
Jul 14, 2017 10:33:47 AM org.apache.coyote.AbstractProtocol start
INFO: Starting ProtocolHandler ["http-bio-8080"]
Jul 14, 2017 10:33:47 AM org.apache.coyote.AbstractProtocol start
INFO: Starting ProtocolHandler ["ajp-bio-8009"]
Jul 14, 2017 10:33:47 AM org.apache.catalina.startup.Catalina start
INFO: Server startup in 13072 ms
